# JRE version: Java(TM) SE Runtime Environment (23.0.2+7) (build 23.0.2+7-58)
# Java VM: Java HotSpot(TM) 64-Bit Server VM (23.0.2+7-58, mixed mode, sharing, tiered, compressed oops, compressed class ptrs, g1 gc, windows-amd64)
GC Precious Log:
 CardTable entry size: 512
 Card Set container configuration: InlinePtr #cards 4 size 8 Array Of Cards #cards 32 size 80 Howl #buckets 8 coarsen threshold 7372 Howl Bitmap #cards 1024 size 144 coarsen threshold 921 Card regions per heap region 1 cards per card region 8192
 CPUs: 12 total, 12 available
 Memory: 15611M
 Large Page Support: Disabled
 NUMA Support: Disabled
 Compressed Oops: Enabled (Zero based)
 Heap Region Size: 4M
 Heap Min Capacity: 8M
 Heap Initial Capacity: 244M
 Heap Max Capacity: 8G
 Pre-touch: Disabled
 Parallel Workers: 10
 Concurrent Workers: 3
 Concurrent Refinement Workers: 10
 Periodic GC: Disabled
Heap:
 garbage-first heap   total reserved 8388608K, committed 487424K, used 311208K [0x0000000600000000, 0x0000000800000000)
  region size 4096K, 21 young (86016K), 5 survivors (20480K)
 Metaspace       used 168603K, committed 171584K, reserved 1245184K
  class space    used 22600K, committed 24000K, reserved 1048576K
GC Heap History (20 events):
Event: 62.999 GC heap before
{Heap before GC invocations=52 (full 0):
 garbage-first heap   total reserved 8388608K, committed 212992K, used 181339K [0x0000000600000000, 0x0000000800000000)
  region size 4096K, 14 young (57344K), 2 survivors (8192K)
 Metaspace       used 147621K, committed 150464K, reserved 1179648K
  class space    used 20138K, committed 21504K, reserved 1048576K
}
Event: 63.016 GC heap after
{Heap after GC invocations=53 (full 0):
 garbage-first heap   total reserved 8388608K, committed 217088K, used 147796K [0x0000000600000000, 0x0000000800000000)
  region size 4096K, 2 young (8192K), 2 survivors (8192K)
 Metaspace       used 147621K, committed 150464K, reserved 1179648K
  class space    used 20138K, committed 21504K, reserved 1048576K
}
Event: 63.145 GC heap before
{Heap before GC invocations=53 (full 0):
 garbage-first heap   total reserved 8388608K, committed 217088K, used 188756K [0x0000000600000000, 0x0000000800000000)
  region size 4096K, 12 young (49152K), 2 survivors (8192K)
 Metaspace       used 147679K, committed 150528K, reserved 1179648K
  class space    used 20138K, committed 21504K, reserved 1048576K
}
Event: 63.164 GC heap after
{Heap after GC invocations=54 (full 0):
 garbage-first heap   total reserved 8388608K, committed 217088K, used 157466K [0x0000000600000000, 0x0000000800000000)
  region size 4096K, 2 young (8192K), 2 survivors (8192K)
 Metaspace       used 147679K, committed 150528K, reserved 1179648K
  class space    used 20138K, committed 21504K, reserved 1048576K
}
Event: 63.419 GC heap before
{Heap before GC invocations=55 (full 0):
 garbage-first heap   total reserved 8388608K, committed 266240K, used 190234K [0x0000000600000000, 0x0000000800000000)
  region size 4096K, 10 young (40960K), 2 survivors (8192K)
 Metaspace       used 147904K, committed 150784K, reserved 1179648K
  class space    used 20159K, committed 21504K, reserved 1048576K
}
Event: 63.427 GC heap after
{Heap after GC invocations=56 (full 0):
 garbage-first heap   total reserved 8388608K, committed 266240K, used 162892K [0x0000000600000000, 0x0000000800000000)
  region size 4096K, 2 young (8192K), 2 survivors (8192K)
 Metaspace       used 147904K, committed 150784K, reserved 1179648K
  class space    used 20159K, committed 21504K, reserved 1048576K
}
Event: 63.648 GC heap before
{Heap before GC invocations=56 (full 0):
 garbage-first heap   total reserved 8388608K, committed 266240K, used 228428K [0x0000000600000000, 0x0000000800000000)
  region size 4096K, 18 young (73728K), 2 survivors (8192K)
 Metaspace       used 148351K, committed 151232K, reserved 1179648K
  class space    used 20209K, committed 21568K, reserved 1048576K
}
Event: 63.660 GC heap after
{Heap after GC invocations=57 (full 0):
 garbage-first heap   total reserved 8388608K, committed 405504K, used 167054K [0x0000000600000000, 0x0000000800000000)
  region size 4096K, 3 young (12288K), 3 survivors (12288K)
 Metaspace       used 148351K, committed 151232K, reserved 1179648K
  class space    used 20209K, committed 21568K, reserved 1048576K
}
Event: 64.630 GC heap before
{Heap before GC invocations=57 (full 0):
 garbage-first heap   total reserved 8388608K, committed 405504K, used 334990K [0x0000000600000000, 0x0000000800000000)
  region size 4096K, 45 young (184320K), 3 survivors (12288K)
 Metaspace       used 148584K, committed 151488K, reserved 1179648K
  class space    used 20209K, committed 21568K, reserved 1048576K
}
Event: 64.643 GC heap after
{Heap after GC invocations=58 (full 0):
 garbage-first heap   total reserved 8388608K, committed 405504K, used 176751K [0x0000000600000000, 0x0000000800000000)
  region size 4096K, 5 young (20480K), 5 survivors (20480K)
 Metaspace       used 148584K, committed 151488K, reserved 1179648K
  class space    used 20209K, committed 21568K, reserved 1048576K
}
Event: 65.148 GC heap before
{Heap before GC invocations=58 (full 0):
 garbage-first heap   total reserved 8388608K, committed 405504K, used 197231K [0x0000000600000000, 0x0000000800000000)
  region size 4096K, 12 young (49152K), 5 survivors (20480K)
 Metaspace       used 148950K, committed 151808K, reserved 1179648K
  class space    used 20256K, committed 21568K, reserved 1048576K
}
Event: 65.159 GC heap after
{Heap after GC invocations=59 (full 0):
 garbage-first heap   total reserved 8388608K, committed 405504K, used 190434K [0x0000000600000000, 0x0000000800000000)
  region size 4096K, 4 young (16384K), 4 survivors (16384K)
 Metaspace       used 148950K, committed 151808K, reserved 1179648K
  class space    used 20256K, committed 21568K, reserved 1048576K
}
Event: 66.131 GC heap before
{Heap before GC invocations=60 (full 0):
 garbage-first heap   total reserved 8388608K, committed 405504K, used 341986K [0x0000000600000000, 0x0000000800000000)
  region size 4096K, 36 young (147456K), 4 survivors (16384K)
 Metaspace       used 151725K, committed 154560K, reserved 1245184K
  class space    used 20558K, committed 21888K, reserved 1048576K
}
Event: 66.147 GC heap after
{Heap after GC invocations=61 (full 0):
 garbage-first heap   total reserved 8388608K, committed 405504K, used 228361K [0x0000000600000000, 0x0000000800000000)
  region size 4096K, 5 young (20480K), 5 survivors (20480K)
 Metaspace       used 151725K, committed 154560K, reserved 1245184K
  class space    used 20558K, committed 21888K, reserved 1048576K
}
Event: 67.041 GC heap before
{Heap before GC invocations=61 (full 0):
 garbage-first heap   total reserved 8388608K, committed 405504K, used 334857K [0x0000000600000000, 0x0000000800000000)
  region size 4096K, 31 young (126976K), 5 survivors (20480K)
 Metaspace       used 152512K, committed 155392K, reserved 1245184K
  class space    used 20596K, committed 21952K, reserved 1048576K
}
Event: 67.055 GC heap after
{Heap after GC invocations=62 (full 0):
 garbage-first heap   total reserved 8388608K, committed 405504K, used 233570K [0x0000000600000000, 0x0000000800000000)
  region size 4096K, 3 young (12288K), 3 survivors (12288K)
 Metaspace       used 152512K, committed 155392K, reserved 1245184K
  class space    used 20596K, committed 21952K, reserved 1048576K
}
Event: 68.393 GC heap before
{Heap before GC invocations=62 (full 0):
 garbage-first heap   total reserved 8388608K, committed 405504K, used 340066K [0x0000000600000000, 0x0000000800000000)
  region size 4096K, 30 young (122880K), 3 survivors (12288K)
 Metaspace       used 155178K, committed 158144K, reserved 1245184K
  class space    used 20822K, committed 22208K, reserved 1048576K
}
Event: 68.398 GC heap after
{Heap after GC invocations=63 (full 0):
 garbage-first heap   total reserved 8388608K, committed 487424K, used 239774K [0x0000000600000000, 0x0000000800000000)
  region size 4096K, 2 young (8192K), 2 survivors (8192K)
 Metaspace       used 155178K, committed 158144K, reserved 1245184K
  class space    used 20822K, committed 22208K, reserved 1048576K
}
Event: 71.982 GC heap before
{Heap before GC invocations=64 (full 0):
 garbage-first heap   total reserved 8388608K, committed 487424K, used 407710K [0x0000000600000000, 0x0000000800000000)
  region size 4096K, 43 young (176128K), 2 survivors (8192K)
 Metaspace       used 165835K, committed 168832K, reserved 1245184K
  class space    used 22206K, committed 23616K, reserved 1048576K
}
Event: 71.990 GC heap after
{Heap after GC invocations=65 (full 0):
 garbage-first heap   total reserved 8388608K, committed 487424K, used 249768K [0x0000000600000000, 0x0000000800000000)
  region size 4096K, 5 young (20480K), 5 survivors (20480K)
 Metaspace       used 165835K, committed 168832K, reserved 1245184K
  class space    used 22206K, committed 23616K, reserved 1048576K
}

