# JRE version: Java(TM) SE Runtime Environment (23.0.2+7) (build 23.0.2+7-58)
# Java VM: Java HotSpot(TM) 64-Bit Server VM (23.0.2+7-58, mixed mode, sharing, tiered, compressed oops, compressed class ptrs, g1 gc, windows-amd64)
GC Precious Log:
 CardTable entry size: 512
 Card Set container configuration: InlinePtr #cards 4 size 8 Array Of Cards #cards 32 size 80 Howl #buckets 8 coarsen threshold 7372 Howl Bitmap #cards 1024 size 144 coarsen threshold 921 Card regions per heap region 1 cards per card region 8192
 CPUs: 12 total, 12 available
 Memory: 15611M
 Large Page Support: Disabled
 NUMA Support: Disabled
 Compressed Oops: Enabled (Zero based)
 Heap Region Size: 4M
 Heap Min Capacity: 8M
 Heap Initial Capacity: 244M
 Heap Max Capacity: 8G
 Pre-touch: Disabled
 Parallel Workers: 10
 Concurrent Workers: 3
 Concurrent Refinement Workers: 10
 Periodic GC: Disabled
Heap:
 garbage-first heap   total reserved 8388608K, committed 315392K, used 224627K [0x0000000600000000, 0x0000000800000000)
  region size 4096K, 15 young (61440K), 2 survivors (8192K)
 Metaspace       used 170760K, committed 173760K, reserved 1245184K
  class space    used 23012K, committed 24384K, reserved 1048576K
GC Heap History (20 events):
Event: 28.280 GC heap before
{Heap before GC invocations=48 (full 0):
 garbage-first heap   total reserved 8388608K, committed 262144K, used 230399K [0x0000000600000000, 0x0000000800000000)
  region size 4096K, 21 young (86016K), 3 survivors (12288K)
 Metaspace       used 141012K, committed 143872K, reserved 1179648K
  class space    used 19140K, committed 20480K, reserved 1048576K
}
Event: 28.287 GC heap after
{Heap after GC invocations=49 (full 0):
 garbage-first heap   total reserved 8388608K, committed 262144K, used 161205K [0x0000000600000000, 0x0000000800000000)
  region size 4096K, 3 young (12288K), 3 survivors (12288K)
 Metaspace       used 141012K, committed 143872K, reserved 1179648K
  class space    used 19140K, committed 20480K, reserved 1048576K
}
Event: 29.078 GC heap before
{Heap before GC invocations=49 (full 0):
 garbage-first heap   total reserved 8388608K, committed 262144K, used 222645K [0x0000000600000000, 0x0000000800000000)
  region size 4096K, 19 young (77824K), 3 survivors (12288K)
 Metaspace       used 145471K, committed 148288K, reserved 1179648K
  class space    used 19718K, committed 21056K, reserved 1048576K
}
Event: 29.085 GC heap after
{Heap after GC invocations=50 (full 0):
 garbage-first heap   total reserved 8388608K, committed 262144K, used 168449K [0x0000000600000000, 0x0000000800000000)
  region size 4096K, 2 young (8192K), 2 survivors (8192K)
 Metaspace       used 145471K, committed 148288K, reserved 1179648K
  class space    used 19718K, committed 21056K, reserved 1048576K
}
Event: 30.158 GC heap before
{Heap before GC invocations=51 (full 0):
 garbage-first heap   total reserved 8388608K, committed 286720K, used 233985K [0x0000000600000000, 0x0000000800000000)
  region size 4096K, 18 young (73728K), 2 survivors (8192K)
 Metaspace       used 149620K, committed 152448K, reserved 1179648K
  class space    used 20299K, committed 21632K, reserved 1048576K
}
Event: 30.164 GC heap after
{Heap after GC invocations=52 (full 0):
 garbage-first heap   total reserved 8388608K, committed 286720K, used 172025K [0x0000000600000000, 0x0000000800000000)
  region size 4096K, 1 young (4096K), 1 survivors (4096K)
 Metaspace       used 149620K, committed 152448K, reserved 1179648K
  class space    used 20299K, committed 21632K, reserved 1048576K
}
Event: 31.319 GC heap before
{Heap before GC invocations=52 (full 0):
 garbage-first heap   total reserved 8388608K, committed 286720K, used 258041K [0x0000000600000000, 0x0000000800000000)
  region size 4096K, 22 young (90112K), 1 survivors (4096K)
 Metaspace       used 152353K, committed 155200K, reserved 1245184K
  class space    used 20666K, committed 22016K, reserved 1048576K
}
Event: 31.327 GC heap after
{Heap after GC invocations=53 (full 0):
 garbage-first heap   total reserved 8388608K, committed 286720K, used 178247K [0x0000000600000000, 0x0000000800000000)
  region size 4096K, 3 young (12288K), 3 survivors (12288K)
 Metaspace       used 152353K, committed 155200K, reserved 1245184K
  class space    used 20666K, committed 22016K, reserved 1048576K
}
Event: 33.136 GC heap before
{Heap before GC invocations=53 (full 0):
 garbage-first heap   total reserved 8388608K, committed 286720K, used 256071K [0x0000000600000000, 0x0000000800000000)
  region size 4096K, 22 young (90112K), 3 survivors (12288K)
 Metaspace       used 156283K, committed 159168K, reserved 1245184K
  class space    used 20997K, committed 22336K, reserved 1048576K
}
Event: 33.143 GC heap after
{Heap after GC invocations=54 (full 0):
 garbage-first heap   total reserved 8388608K, committed 286720K, used 174866K [0x0000000600000000, 0x0000000800000000)
  region size 4096K, 1 young (4096K), 1 survivors (4096K)
 Metaspace       used 156283K, committed 159168K, reserved 1245184K
  class space    used 20997K, committed 22336K, reserved 1048576K
}
Event: 33.816 GC heap before
{Heap before GC invocations=55 (full 0):
 garbage-first heap   total reserved 8388608K, committed 303104K, used 252690K [0x0000000600000000, 0x0000000800000000)
  region size 4096K, 21 young (86016K), 1 survivors (4096K)
 Metaspace       used 157221K, committed 160064K, reserved 1245184K
  class space    used 21065K, committed 22400K, reserved 1048576K
}
Event: 33.819 GC heap after
{Heap after GC invocations=56 (full 0):
 garbage-first heap   total reserved 8388608K, committed 303104K, used 177392K [0x0000000600000000, 0x0000000800000000)
  region size 4096K, 2 young (8192K), 2 survivors (8192K)
 Metaspace       used 157221K, committed 160064K, reserved 1245184K
  class space    used 21065K, committed 22400K, reserved 1048576K
}
Event: 34.971 GC heap before
{Heap before GC invocations=56 (full 0):
 garbage-first heap   total reserved 8388608K, committed 303104K, used 267504K [0x0000000600000000, 0x0000000800000000)
  region size 4096K, 24 young (98304K), 2 survivors (8192K)
 Metaspace       used 157585K, committed 160512K, reserved 1245184K
  class space    used 21102K, committed 22464K, reserved 1048576K
}
Event: 34.978 GC heap after
{Heap after GC invocations=57 (full 0):
 garbage-first heap   total reserved 8388608K, committed 303104K, used 176222K [0x0000000600000000, 0x0000000800000000)
  region size 4096K, 3 young (12288K), 3 survivors (12288K)
 Metaspace       used 157585K, committed 160512K, reserved 1245184K
  class space    used 21102K, committed 22464K, reserved 1048576K
}
Event: 35.444 GC heap before
{Heap before GC invocations=57 (full 0):
 garbage-first heap   total reserved 8388608K, committed 303104K, used 266334K [0x0000000600000000, 0x0000000800000000)
  region size 4096K, 25 young (102400K), 3 survivors (12288K)
 Metaspace       used 157698K, committed 160576K, reserved 1245184K
  class space    used 21102K, committed 22464K, reserved 1048576K
}
Event: 35.453 GC heap after
{Heap after GC invocations=58 (full 0):
 garbage-first heap   total reserved 8388608K, committed 303104K, used 184645K [0x0000000600000000, 0x0000000800000000)
  region size 4096K, 4 young (16384K), 4 survivors (16384K)
 Metaspace       used 157698K, committed 160576K, reserved 1245184K
  class space    used 21102K, committed 22464K, reserved 1048576K
}
Event: 36.954 GC heap before
{Heap before GC invocations=59 (full 0):
 garbage-first heap   total reserved 8388608K, committed 315392K, used 262469K [0x0000000600000000, 0x0000000800000000)
  region size 4096K, 23 young (94208K), 4 survivors (16384K)
 Metaspace       used 162020K, committed 164992K, reserved 1245184K
  class space    used 21650K, committed 23040K, reserved 1048576K
}
Event: 36.960 GC heap after
{Heap after GC invocations=60 (full 0):
 garbage-first heap   total reserved 8388608K, committed 315392K, used 176090K [0x0000000600000000, 0x0000000800000000)
  region size 4096K, 1 young (4096K), 1 survivors (4096K)
 Metaspace       used 162020K, committed 164992K, reserved 1245184K
  class space    used 21650K, committed 23040K, reserved 1048576K
}
Event: 38.525 GC heap before
{Heap before GC invocations=60 (full 0):
 garbage-first heap   total reserved 8388608K, committed 315392K, used 282586K [0x0000000600000000, 0x0000000800000000)
  region size 4096K, 27 young (110592K), 1 survivors (4096K)
 Metaspace       used 168995K, committed 171968K, reserved 1245184K
  class space    used 22753K, committed 24128K, reserved 1048576K
}
Event: 38.532 GC heap after
{Heap after GC invocations=61 (full 0):
 garbage-first heap   total reserved 8388608K, committed 315392K, used 175475K [0x0000000600000000, 0x0000000800000000)
  region size 4096K, 2 young (8192K), 2 survivors (8192K)
 Metaspace       used 168995K, committed 171968K, reserved 1245184K
  class space    used 22753K, committed 24128K, reserved 1048576K
}

